2016-08-07 11:37:30: Definition: [N:t],[N:f],[N:s],[A:N S|T|R|P],[D:y/m/d],[D:H:M:S],[T:01??-???-????],[T:07???-??????], Options: Rows=10,Outfile=data.csv,Mode=insert,Table=People4
2016-08-07 11:44:09: Definition: [N:t],[N:f],[N:s],[A:N S|T|R|P],[D:y/m/d],[D:H:M:S],[T:01??-???-????],[T:07???-??????], Options: Rows=10,Outfile=data.csv,Mode=insert,Table=People4
2016-08-07 11:44:43: Definition: [N:t],[N:f],[N:s],[A:N S|T|R|P],[D:y/m/d],[D:H:M:S],[T:01??-???-????],[T:07???-??????], Options: Rows=10,Outfile=data.csv,Mode=insert,Table=People4
2016-08-07 11:53:29: Definition: [N:t],[N:f],[N:s],[A:N S|T|R|P],[D:y/m/d],[D:H:M:S],[T:01??-???-????],[T:07???-??????], Options: Rows=10,Outfile=data.csv,Mode=insert,Table=People4
2016-08-07 11:53:52: Definition: [N:t],[N:f],[N:s],[A:N S|T|R|P],[D:y/m/d],[D:H:M:S],[T:01??-???-????],[T:07???-??????], Options: Rows=10,Outfile=data.csv,Mode=insert,Table=People4
2016-08-07 11:55:57: Definition: [N:t],[N:f],[N:s],[A:N S|T|R|P],[D:y/m/d],[D:H:M:S],[T:01??-???-????],[T:07???-??????], Options: Rows=10,Outfile=data.csv,Mode=insert,Table=People4
2016-08-07 11:56:29: Definition: [N:t],[N:f],[N:s],[A:N S|T|R|P],[D:y/m/d],[D:H:M:S],[T:01??-???-????],[T:07???-??????], Options: Rows=10,Outfile=data.csv,Mode=insert,Table=People4
2016-08-07 11:57:05: Definition: [N:t],[N:f],[N:s],[A:N S|T|R|P],[D:y/m/d],[D:H:M:S],[T:01??-???-????],[T:07???-??????], Options: Rows=10,Outfile=data.csv,Mode=insert,Table=People4
2016-08-07 11:58:42: Definition: [N:t],[N:f],[N:s],[A:N S|T|R|P],[D:y/m/d],[D:H:M:S],[T:01??-???-????],[T:07???-??????], Options: Rows=10,Outfile=data.csv,Mode=insert,Table=People4
2016-08-07 11:59:24: Definition: [N:t],[N:f],[N:s],[A:N S|T|R|P],[D:y/m/d],[D:H:M:S],[T:01??-???-????],[T:07???-??????], Options: Rows=10,Outfile=data.csv,Mode=insert,Table=People4
2016-08-07 12:01:13: Definition: [N:t],[N:f],[N:s],[A:N S|T|R|P],[D:y/m/d],[D:H:M:S],[T:01??-???-????],[T:07???-??????], Options: Rows=10,Outfile=data.csv,Mode=insert,Table=People4
2016-08-07 12:02:58: Definition: [N:t],[N:f],[N:s],[A:N S|T|R|P],[D:y/m/d],[D:H:M:S],[T:01??-???-????],[T:07???-??????], Options: Rows=10,Outfile=data.csv,Mode=insert,Table=People4
2016-08-07 12:04:07: Definition: [N:t],[N:f],[N:s],[A:N S|T|R|P],[D:y/m/d],[D:H:M:S],[T:01??-???-????],[T:07???-??????], Options: Rows=10,Outfile=data.csv,Mode=insert,Table=People4
2016-08-07 12:05:55: Definition: [N:t],[N:f],[N:s],[A:N S|T|R|P],[D:y/m/d],[D:H:M:S],[T:01??-???-????],[T:07???-??????], Options: Rows=10,Outfile=data.csv,Mode=insert,Table=People4
2016-08-07 13:02:54: Definition: , Options: Rows=10,Outfile=data.csv,Mode=insert,Table=People4
2016-08-07 13:03:12: Definition: , Options: Rows=10,Outfile=data.csv,Mode=insert,Table=People4
2016-08-07 13:03:36: Definition: [N:t],[N:f],[N:s],[A:N S|T|R|P],[D:y/m/d],[D:H:M:S],[T:01??-???-????],[T:07???-??????], Options: Rows=10,Outfile=data.csv,Mode=insert,Table=People4
2016-08-07 13:03:56: Definition: , Options: Rows=10,Outfile=data.csv,Mode=insert,Table=People4
2016-08-07 13:04:20: Definition: , Options: "Rows=10,Outfile=data.csv,Mode=insert,Table=People4"
2016-08-07 13:04:42: Definition: [N:t],[N:f],[N:s],[A:N S|T|R|P],[D:y/m/d],[D:H:M:S],[T:01??-???-????],[T:07???-??????], Options: Rows=10,Outfile=data.csv,Mode=insert,Table=People4
2016-08-07 13:05:35: Definition: [N:t],[N:f],[N:s],[A:N S|T|R|P],[D:y/m/d],[D:H:M:S],[T:01??-???-????],[T:07???-??????], Options: Rows=10,Outfile=data.csv,Mode=insert,Table=People4
2016-08-07 13:07:51: Definition: [N:t],[N:f],[N:s],[A:N S|T|R|P],[D:y/m/d],[D:H:M:S],[T:01??-???-????],[T:07???-??????], Options: Rows=10,Outfile=data.csv,Mode=insert,Table=People4
2016-08-07 13:08:03: Definition: [N:t],[N:f],[N:s],[A:N S|T|R|P],[D:y/m/d],[D:H:M:S],[T:01??-???-????],[T:07???-??????], Options: Rows=10,Outfile=data.csv,Mode=insert,Table=People4
2016-08-07 13:09:19: Definition: [N:t],[N:f],[N:s],[A:N S|T|R|P],[D:y/m/d],[D:H:M:S],[T:01??-???-????],[T:07???-??????], Options: Rows=10,Outfile=data.csv,Mode=insert,Table=People4
2016-08-07 13:09:34: Definition: [N:t],[N:f],[N:s],[A:N S|T|R|P],[D:y/m/d],[D:H:M:S],[T:01??-???-????],[T:07???-??????], Options: Rows=10,Outfile=data.csv,Mode=insert,Table=People4
2016-08-07 16:31:34: Definition: [N:t],[N:f],[N:s],[A:N S|T|R|P],[D:y/m/d],[D:H:M:S],[T:01??-???-????],[T:07???-??????], Options: Rows=10,Outfile=data.csv,Mode=insert,Table=People4
2016-08-07 16:32:22: Definition: [N:t],[N:f],[N:s],[A:N S|T|R|P],[D:y/m/d],[D:H:M:S],[T:01??-???-????],[T:07???-??????], Options: Rows=10,Outfile=data.csv,Mode=insert,Table=People4
2016-08-07 16:33:05: Definition: [N:t],[N:f],[N:s],[A:N S|T|R|P],[D:y/m/d],[D:H:M:S],[T:01??-???-????],[T:07???-??????], Options: Rows=10,Outfile=data.csv,Mode=insert,Table=People4
2016-08-07 16:38:17: Definition: [N:t],[N:f],[N:s],[A:N S|T|R|P],[D:y/m/d],[D:H:M:S],[T:01??-???-????],[T:07???-??????], Options: Rows=10,Outfile=data.csv,Mode=insert,Table=People4
2016-08-07 16:38:33: Definition: [N:t],[N:f],[N:s],[A:N S|T|R|P],[D:y/m/d],[D:H:M:S],[T:01??-???-????],[T:07???-??????], Options: Rows=10,Outfile=data.csv,Mode=insert,Table=People4
2016-08-07 16:38:50: Definition: [N:t],[N:f],[N:s],[A:N S|T|R|P],[D:y/m/d],[D:H:M:S],[T:01??-???-????],[T:07???-??????], Options: Rows=10,Outfile=data.csv,Mode=insert,Table=People4
2016-08-07 16:39:11: Definition: [N:t],[N:f],[N:s],[A:N S|T|R|P],[D:y/m/d],[D:H:M:S],[T:01??-???-????],[T:07???-??????], Options: Rows=10,Outfile=data.csv,Mode=insert,Table=People4
2016-08-07 16:39:24: Definition: [N:t],[N:f],[N:s],[A:N S|T|R|P],[D:y/m/d],[D:H:M:S],[T:01??-???-????],[T:07???-??????], Options: Rows=10,Outfile=data.csv,Mode=insert,Table=People4
2016-08-07 16:39:27: Definition: [N:t],[N:f],[N:s],[A:N S|T|R|P],[D:y/m/d],[D:H:M:S],[T:01??-???-????],[T:07???-??????], Options: Rows=10,Outfile=data.csv,Mode=insert,Table=People4
2016-08-07 16:39:42: Definition: [N:t],[N:f],[N:s],[A:N S|T|R|P],[D:y/m/d],[D:H:M:S],[T:01??-???-????],[T:07???-??????], Options: Rows=10,Outfile=data.csv,Mode=insert,Table=People4
2016-08-07 16:59:54: Definition: [N:t],[N:f],[N:s],[A:N S|T|R|P],[D:y/m/d],[D:H:M:S],[T:01??-???-????],[T:07???-??????], Options: Rows=10,Outfile=data.csv,Mode=insert,Table=People4
2016-08-07 17:04:14: Definition: [N:t],[N:f],[N:s],[A:N S|T|R|P],[D:y/m/d],[D:H:M:S],[T:01??-???-????],[T:07???-??????], Options: Rows=10,Outfile=data.csv,Mode=insert,Table=People4
2016-08-07 17:04:48: Definition: [N:t],[N:f],[N:s],[A:N S|T|R|P],[D:y/m/d],[D:H:M:S],[T:01??-???-????],[T:07???-??????], Options: Rows=10,Outfile=data.csv,Mode=insert,Table=People4
2016-08-07 17:07:40: Definition: [N:t],[N:f],[N:s],[A:N S|T|R|P],[D:y/m/d],[D:H:M:S],[T:01??-???-????],[T:07???-??????], Options: Rows=10,Outfile=data.csv,Mode=insert,Table=People4
2016-08-07 17:10:49: Definition: [N:t],[N:f],[N:s],[A:N S|T|R|P],[D:y/m/d],[D:H:M:S],[T:01??-???-????],[T:07???-??????], Options: Rows=10,Outfile=data.csv,Mode=insert,Table=People4
2016-08-07 17:45:40: Definition: [N:t],[N:f],[N:s],[A:N S|T|R|P],[D:y/m/d],[D:H:M:S],[T:01??-???-????],[T:07???-??????], Options: Rows=10,Outfile=data.csv,Mode=insert,Table=People4
2016-08-07 17:46:07: Definition: [N:t],[N:f],[N:s],[A:N S|T|R|P],[D:y/m/d],[D:H:M:S],[T:01??-???-????],[T:07???-??????], Options: Rows=10,Outfile=data.csv,Mode=insert,Table=People4
2016-08-07 17:47:19: Definition: [N:t],[N:f],[N:s],[A:N S|T|R|P],[D:y/m/d],[D:H:M:S],[T:01??-???-????],[T:07???-??????], Options: Rows=10,Outfile=data.csv,Mode=insert,Table=People4
2016-08-07 17:47:35: Definition: [N:t],[N:f],[N:s],[A:N S|T|R|P],[D:y/m/d],[D:H:M:S],[T:01??-???-????],[T:07???-??????], Options: Rows=10,Outfile=data.csv,Mode=insert,Table=People4
2016-08-07 17:50:07: Definition: [N:t],[N:f],[N:s],[A:N S|T|R|P],[D:y/m/d],[D:H:M:S],[T:01??-???-????],[T:07???-??????], Options: Rows=10,Outfile=data.csv,Mode=insert,Table=People4
2016-08-07 17:50:26: Definition: [N:t],[N:f],[N:s],[A:N S|T|R|P],[D:y/m/d],[D:H:M:S],[T:01??-???-????],[T:07???-??????], Options: Rows=10,Outfile=data.csv,Mode=insert,Table=People4
2016-08-07 17:51:37: Definition: [N:t],[N:f],[N:s],[A:N S|T|R|P],[D:y/m/d],[D:H:M:S],[T:01??-???-????],[T:07???-??????], Options: Rows=10,Outfile=data.csv,Mode=insert,Table=People4
2016-08-07 21:58:38: Definition: [N:t],[N:f],[N:s],[A:N S|T|R|P],[D:y/m/d],[D:H:M:S],[T:01??-???-????],[T:07???-??????], Options: Rows=10,Outfile=data.csv,Mode=insert,Table=People4
2016-08-07 21:58:59: Definition: [N:t],[N:f],[N:s],[A:N S|T|R|P],[D:y/m/d],[D:H:M:S],[T:01??-???-????],[T:07???-??????], Options: Rows=10,Outfile=data.csv,Mode=insert,Table=People4
2016-08-07 21:59:19: Definition: [N:t],[N:f],[N:s],[A:N S|T|R|P],[D:y/m/d],[D:H:M:S],[T:01??-???-????],[T:07???-??????], Options: Rows=10,Outfile=data.csv,Mode=insert,Table=People4
2016-08-07 21:59:58: Definition: [N:t],[N:f],[N:s],[A:N S|T|R|P],[D:y/m/d],[D:H:M:S],[T:01??-???-????],[T:07???-??????], Options: Rows=10,Outfile=data.csv,Mode=insert,Table=People4
2016-08-07 22:00:29: Definition: [N:t],[N:f],[N:s],[A:N S|T|R|P],[D:y/m/d],[D:H:M:S],[T:01??-???-????],[T:07???-??????], Options: Rows=10,Outfile=data.csv,Mode=insert,Table=People4
2016-08-07 22:01:10: Definition: [N:t],[N:f],[N:s],[A:N S|T|R|P],[D:y/m/d],[D:H:M:S],[T:01??-???-????],[T:07???-??????], Options: Rows=10,Outfile=data.csv,Mode=insert,Table=People4
2016-08-07 22:05:21: Definition: [N:f],[N:s], Options: Rows=10,Mode=create,Table=names
2016-08-07 22:06:31: Definition: [N:f],[N:s], Options: Rows=10,Mode=create,Table=names
2016-08-07 22:11:11: Definition: [N:f],[N:s], Options: Rows=10,Mode=create,Table=names
2016-08-07 22:12:28: Definition: [N:f],[N:s], Options: Rows=10,Mode=create,Table=names
2016-08-07 22:16:22: Definition: [N:f],[N:s], Options: Rows=10,Mode=create,Table=names
2016-08-07 22:16:52: Definition: [N:f],[N:s], Options: Rows=10,Mode=create,Table=names
2016-08-07 22:18:50: Definition: [N:f],[N:s], Options: Rows=10,Mode=create,Table=names
2016-08-07 22:20:14: Definition: [N:f],[N:s], Options: Rows=10,Mode=create,Table=names
2016-08-07 22:20:21: Definition: [:],[:],[:],[:],[:],[:],[:],[:],[:],[:], Options: 
2016-08-07 22:20:58: Definition: [:],[:],[:],[:],[:],[:],[:],[:],[:],[:], Options: 
2016-08-07 22:21:05: Definition: , Options: 
2016-08-07 22:21:13: Definition: , Options: 
2016-08-07 22:22:09: Definition: , Options: 
2016-08-07 22:22:19: Definition: , Options: 
2016-08-07 22:22:23: Definition: , Options: 
2016-08-07 22:22:59: Definition: [N:f],[N:f],[N:s], Options: Rows=50,Mode=create,Table=fred
